{"/home/datpham-nuoa/dev/vibe-trading/frontend/src/App.tsx": {"path":"/home/datpham-nuoa/dev/vibe-trading/frontend/src/App.tsx","statementMap":{"0":{"start":{"line":5,"column":33},"end":{"line":5,"column":null}},"1":{"start":{"line":7,"column":2},"end":{"line":50,"column":null}}},"fnMap":{"0":{"name":"App","decl":{"start":{"line":4,"column":9},"end":{"line":4,"column":15}},"loc":{"start":{"line":4,"column":15},"end":{"line":52,"column":null}},"line":4}},"branchMap":{"0":{"loc":{"start":{"line":21,"column":11},"end":{"line":25,"column":null}},"type":"binary-expr","locations":[{"start":{"line":21,"column":11},"end":{"line":21,"column":null}},{"start":{"line":22,"column":12},"end":{"line":25,"column":null}}],"line":21},"1":{"loc":{"start":{"line":27,"column":11},"end":{"line":27,"column":null}},"type":"binary-expr","locations":[{"start":{"line":27,"column":11},"end":{"line":27,"column":20}},{"start":{"line":27,"column":20},"end":{"line":27,"column":null}}],"line":27},"2":{"loc":{"start":{"line":28,"column":11},"end":{"line":31,"column":null}},"type":"binary-expr","locations":[{"start":{"line":28,"column":11},"end":{"line":28,"column":null}},{"start":{"line":29,"column":12},"end":{"line":31,"column":null}}],"line":28}},"s":{"0":1,"1":1},"f":{"0":1},"b":{"0":[1,1],"1":[1,0],"2":[1,0]},"meta":{"lastBranch":3,"lastFunction":1,"lastStatement":2,"seen":{"f:4:9:4:15":0,"s:5:33:5:Infinity":0,"s:7:2:50:Infinity":1,"b:21:11:21:Infinity:22:12:25:Infinity":0,"b:27:11:27:20:27:20:27:Infinity":1,"b:28:11:28:Infinity:29:12:31:Infinity":2}}}
,"/home/datpham-nuoa/dev/vibe-trading/frontend/src/hooks/useApi.ts": {"path":"/home/datpham-nuoa/dev/vibe-trading/frontend/src/hooks/useApi.ts","statementMap":{"0":{"start":{"line":4,"column":16},"end":{"line":7,"column":null}},"1":{"start":{"line":5,"column":19},"end":{"line":5,"column":null}},"2":{"start":{"line":6,"column":2},"end":{"line":6,"column":null}},"3":{"start":{"line":10,"column":2},"end":{"line":10,"column":null}},"4":{"start":{"line":10,"column":49},"end":{"line":10,"column":68}},"5":{"start":{"line":14,"column":2},"end":{"line":14,"column":null}},"6":{"start":{"line":14,"column":41},"end":{"line":14,"column":58}}},"fnMap":{"0":{"name":"(anonymous_0)","decl":{"start":{"line":4,"column":16},"end":{"line":4,"column":26}},"loc":{"start":{"line":4,"column":66},"end":{"line":7,"column":null}},"line":4},"1":{"name":"useHealth","decl":{"start":{"line":9,"column":16},"end":{"line":9,"column":28}},"loc":{"start":{"line":9,"column":28},"end":{"line":11,"column":null}},"line":9},"2":{"name":"(anonymous_2)","decl":{"start":{"line":10,"column":43},"end":{"line":10,"column":49}},"loc":{"start":{"line":10,"column":49},"end":{"line":10,"column":68}},"line":10},"3":{"name":"useRoot","decl":{"start":{"line":13,"column":16},"end":{"line":13,"column":26}},"loc":{"start":{"line":13,"column":26},"end":{"line":15,"column":null}},"line":13},"4":{"name":"(anonymous_4)","decl":{"start":{"line":14,"column":35},"end":{"line":14,"column":41}},"loc":{"start":{"line":14,"column":41},"end":{"line":14,"column":58}},"line":14}},"branchMap":{},"s":{"0":1,"1":1,"2":0,"3":1,"4":1,"5":0,"6":0},"f":{"0":1,"1":1,"2":1,"3":0,"4":0},"b":{},"meta":{"lastBranch":0,"lastFunction":5,"lastStatement":7,"seen":{"s:4:16:7:Infinity":0,"f:4:16:4:26":0,"s:5:19:5:Infinity":1,"s:6:2:6:Infinity":2,"f:9:16:9:28":1,"s:10:2:10:Infinity":3,"f:10:43:10:49":2,"s:10:49:10:68":4,"f:13:16:13:26":3,"s:14:2:14:Infinity":5,"f:14:35:14:41":4,"s:14:41:14:58":6}}}
,"/home/datpham-nuoa/dev/vibe-trading/frontend/src/lib/math.ts": {"path":"/home/datpham-nuoa/dev/vibe-trading/frontend/src/lib/math.ts","statementMap":{"0":{"start":{"line":2,"column":2},"end":{"line":2,"column":null}},"1":{"start":{"line":6,"column":2},"end":{"line":6,"column":null}}},"fnMap":{"0":{"name":"add","decl":{"start":{"line":1,"column":16},"end":{"line":1,"column":20}},"loc":{"start":{"line":1,"column":50},"end":{"line":3,"column":null}},"line":1},"1":{"name":"multiply","decl":{"start":{"line":5,"column":16},"end":{"line":5,"column":25}},"loc":{"start":{"line":5,"column":55},"end":{"line":7,"column":null}},"line":5}},"branchMap":{},"s":{"0":3,"1":3},"f":{"0":3,"1":3},"b":{},"meta":{"lastBranch":0,"lastFunction":2,"lastStatement":2,"seen":{"f:1:16:1:20":0,"s:2:2:2:Infinity":0,"f:5:16:5:25":1,"s:6:2:6:Infinity":1}}}
,"/home/datpham-nuoa/dev/vibe-trading/frontend/src/services/api.ts": {"path":"/home/datpham-nuoa/dev/vibe-trading/frontend/src/services/api.ts","statementMap":{"0":{"start":{"line":3,"column":21},"end":{"line":3,"column":null}},"1":{"start":{"line":5,"column":25},"end":{"line":10,"column":null}},"2":{"start":{"line":13,"column":0},"end":{"line":19,"column":null}},"3":{"start":{"line":14,"column":16},"end":{"line":14,"column":null}},"4":{"start":{"line":16,"column":4},"end":{"line":16,"column":null}},"5":{"start":{"line":17,"column":4},"end":{"line":17,"column":null}},"6":{"start":{"line":41,"column":19},"end":{"line":47,"column":null}},"7":{"start":{"line":42,"column":16},"end":{"line":42,"column":null}},"8":{"start":{"line":43,"column":14},"end":{"line":43,"column":null}},"9":{"start":{"line":44,"column":37},"end":{"line":44,"column":null}},"10":{"start":{"line":46,"column":4},"end":{"line":46,"column":null}}},"fnMap":{"0":{"name":"(anonymous_0)","decl":{"start":{"line":14,"column":2},"end":{"line":14,"column":3}},"loc":{"start":{"line":14,"column":16},"end":{"line":14,"column":null}},"line":14},"1":{"name":"(anonymous_1)","decl":{"start":{"line":15,"column":2},"end":{"line":15,"column":3}},"loc":{"start":{"line":15,"column":13},"end":{"line":18,"column":null}},"line":15},"2":{"name":"(anonymous_2)","decl":{"start":{"line":42,"column":10},"end":{"line":42,"column":16}},"loc":{"start":{"line":42,"column":16},"end":{"line":42,"column":null}},"line":42},"3":{"name":"(anonymous_3)","decl":{"start":{"line":43,"column":8},"end":{"line":43,"column":14}},"loc":{"start":{"line":43,"column":14},"end":{"line":43,"column":null}},"line":43},"4":{"name":"(anonymous_4)","decl":{"start":{"line":44,"column":7},"end":{"line":44,"column":8}},"loc":{"start":{"line":44,"column":37},"end":{"line":44,"column":null}},"line":44},"5":{"name":"(anonymous_5)","decl":{"start":{"line":45,"column":12},"end":{"line":45,"column":13}},"loc":{"start":{"line":46,"column":4},"end":{"line":46,"column":null}},"line":46}},"branchMap":{"0":{"loc":{"start":{"line":3,"column":21},"end":{"line":3,"column":null}},"type":"binary-expr","locations":[{"start":{"line":3,"column":21},"end":{"line":3,"column":53}},{"start":{"line":3,"column":53},"end":{"line":3,"column":null}}],"line":3},"1":{"loc":{"start":{"line":16,"column":32},"end":{"line":16,"column":69}},"type":"binary-expr","locations":[{"start":{"line":16,"column":32},"end":{"line":16,"column":56}},{"start":{"line":16,"column":56},"end":{"line":16,"column":69}}],"line":16}},"s":{"0":1,"1":1,"2":1,"3":0,"4":0,"5":0,"6":1,"7":1,"8":0,"9":0,"10":0},"f":{"0":0,"1":0,"2":1,"3":0,"4":0,"5":0},"b":{"0":[1,0],"1":[0,0]},"meta":{"lastBranch":2,"lastFunction":6,"lastStatement":11,"seen":{"s:3:21:3:Infinity":0,"b:3:21:3:53:3:53:3:Infinity":0,"s:5:25:10:Infinity":1,"s:13:0:19:Infinity":2,"f:14:2:14:3":0,"s:14:16:14:Infinity":3,"f:15:2:15:3":1,"s:16:4:16:Infinity":4,"b:16:32:16:56:16:56:16:69":1,"s:17:4:17:Infinity":5,"s:41:19:47:Infinity":6,"f:42:10:42:16":2,"s:42:16:42:Infinity":7,"f:43:8:43:14":3,"s:43:14:43:Infinity":8,"f:44:7:44:8":4,"s:44:37:44:Infinity":9,"f:45:12:45:13":5,"s:46:4:46:Infinity":10}}}
}
